<?xml version="1.0" encoding="UTF-8"?>
<testng-results ignored="0" total="0" passed="0" failed="0" skipped="0">
  <reporter-output>
  </reporter-output>
  <suite started-at="2023-03-17T13:08:17 IST" name="Default suite" finished-at="2023-03-17T13:08:17 IST" duration-ms="14">
    <groups>
    </groups>
    <test started-at="2023-03-17T13:08:17 IST" name="Default test" finished-at="2023-03-17T13:08:17 IST" duration-ms="14">
      <class name="OrangeHrmTestExecute.AdminLoginWithValidInputs">
        <test-method is-config="true" signature="LaunchApp(java.lang.String)[pri:0, instance:OrangeHrmTestExecute.AdminLoginWithValidInputs@6d2a209c]" started-at="2023-03-17T13:08:17 IST" name="LaunchApp" finished-at="1970-01-01T05:30:00 IST" duration-ms="-1679038697245" status="FAIL">
          <exception class="org.testng.TestNGException">
            <message>
              <![CDATA[
Can inject only one of <ITestContext, XmlTest> into a @BeforeSuite annotated LaunchApp.
For more information on native dependency injection please refer to https://testng.org/doc/documentation-main.html#native-dependency-injection]]>
            </message>
            <full-stacktrace>
              <![CDATA[org.testng.TestNGException: 
Can inject only one of <ITestContext, XmlTest> into a @BeforeSuite annotated LaunchApp.
For more information on native dependency injection please refer to https://testng.org/doc/documentation-main.html#native-dependency-injection
at org.testng.internal.Parameters.checkParameterTypes(Parameters.java:439)
at org.testng.internal.Parameters.createParametersForMethod(Parameters.java:353)
at org.testng.internal.Parameters.createParameters(Parameters.java:708)
at org.testng.internal.Parameters.createConfigurationParameters(Parameters.java:168)
at org.testng.internal.ConfigInvoker.invokeConfigurations(ConfigInvoker.java:302)
at org.testng.SuiteRunner.privateRun(SuiteRunner.java:317)
at org.testng.SuiteRunner.run(SuiteRunner.java:276)
at org.testng.SuiteRunnerWorker.runSuite(SuiteRunnerWorker.java:53)
at org.testng.SuiteRunnerWorker.run(SuiteRunnerWorker.java:96)
at org.testng.TestNG.runSuitesSequentially(TestNG.java:1212)
at org.testng.TestNG.runSuitesLocally(TestNG.java:1134)
at org.testng.TestNG.runSuites(TestNG.java:1063)
at org.testng.TestNG.run(TestNG.java:1031)
at org.testng.remote.AbstractRemoteTestNG.run(AbstractRemoteTestNG.java:115)
at org.testng.remote.RemoteTestNG.initAndRun(RemoteTestNG.java:251)
at org.testng.remote.RemoteTestNG.main(RemoteTestNG.java:77)
]]>
            </full-stacktrace>
          </exception> <!-- org.testng.TestNGException -->
          <reporter-output>
          </reporter-output>
        </test-method> <!-- LaunchApp -->
        <test-method is-config="true" signature="CloseApp()[pri:0, instance:OrangeHrmTestExecute.AdminLoginWithValidInputs@6d2a209c]" started-at="2023-03-17T13:08:17 IST" name="CloseApp" finished-at="1970-01-01T05:30:00 IST" duration-ms="-1679038697388" status="SKIP">
          <reporter-output>
          </reporter-output>
        </test-method> <!-- CloseApp -->
      </class> <!-- OrangeHrmTestExecute.AdminLoginWithValidInputs -->
    </test> <!-- Default test -->
  </suite> <!-- Default suite -->
</testng-results>
