<?xml version="1.0" encoding="UTF-8"?>
<testng-results ignored="0" total="5" passed="5" failed="0" skipped="0">
  <reporter-output>
  </reporter-output>
  <suite started-at="2023-03-17T09:23:41 IST" name="OrangeHRM Test Suite" finished-at="2023-03-17T09:24:32 IST" duration-ms="50586">
    <groups>
    </groups>
    <test started-at="2023-03-17T09:23:41 IST" name="Admin Login TestCase with valid Credentials" finished-at="2023-03-17T09:23:45 IST" duration-ms="4198">
      <class name="orangehrm.testcases.AdminLoginTestwithValidData">
        <test-method is-config="true" signature="adminLogin()[pri:0, instance:orangehrm.testcases.AdminLoginTestwithValidData@4944252c]" started-at="2023-03-17T09:23:41 IST" name="adminLogin" finished-at="2023-03-17T09:23:41 IST" duration-ms="0" status="PASS">
          <reporter-output>
          </reporter-output>
        </test-method> <!-- adminLogin -->
        <test-method signature="checkAdminLogin(java.lang.String,java.lang.String)[pri:0, instance:orangehrm.testcases.AdminLoginTestwithValidData@4944252c]" started-at="2023-03-17T09:23:41 IST" name="checkAdminLogin" finished-at="2023-03-17T09:23:45 IST" duration-ms="4108" status="PASS">
          <params>
            <param index="0">
              <value>
                <![CDATA[Admin]]>
              </value>
            </param>
            <param index="1">
              <value>
                <![CDATA[Qedge123!@#]]>
              </value>
            </param>
          </params>
          <reporter-output>
          </reporter-output>
        </test-method> <!-- checkAdminLogin -->
        <test-method is-config="true" signature="logout()[pri:0, instance:orangehrm.testcases.AdminLoginTestwithValidData@4944252c]" started-at="2023-03-17T09:23:45 IST" name="logout" finished-at="2023-03-17T09:23:45 IST" duration-ms="4" status="PASS">
          <reporter-output>
          </reporter-output>
        </test-method> <!-- logout -->
      </class> <!-- orangehrm.testcases.AdminLoginTestwithValidData -->
    </test> <!-- Admin Login TestCase with valid Credentials -->
    <test started-at="2023-03-17T09:23:46 IST" name="Admin Login TestCase with Invalid Credentials" finished-at="2023-03-17T09:23:47 IST" duration-ms="1025">
      <class name="orangehrm.testcases.AdminLoginTestwithInvalidData">
        <test-method is-config="true" signature="adminLogin()[pri:0, instance:orangehrm.testcases.AdminLoginTestwithInvalidData@ea6147e]" started-at="2023-03-17T09:23:46 IST" name="adminLogin" finished-at="2023-03-17T09:23:46 IST" duration-ms="0" status="PASS">
          <reporter-output>
          </reporter-output>
        </test-method> <!-- adminLogin -->
        <test-method signature="checkAdminLogin(java.lang.String,java.lang.String)[pri:0, instance:orangehrm.testcases.AdminLoginTestwithInvalidData@ea6147e]" started-at="2023-03-17T09:23:46 IST" name="checkAdminLogin" finished-at="2023-03-17T09:23:47 IST" duration-ms="1021" status="PASS">
          <params>
            <param index="0">
              <value>
                <![CDATA[abc]]>
              </value>
            </param>
            <param index="1">
              <value>
                <![CDATA[xyz]]>
              </value>
            </param>
          </params>
          <reporter-output>
          </reporter-output>
        </test-method> <!-- checkAdminLogin -->
        <test-method is-config="true" signature="logout()[pri:0, instance:orangehrm.testcases.AdminLoginTestwithInvalidData@ea6147e]" started-at="2023-03-17T09:23:47 IST" name="logout" finished-at="2023-03-17T09:23:47 IST" duration-ms="0" status="PASS">
          <reporter-output>
          </reporter-output>
        </test-method> <!-- logout -->
      </class> <!-- orangehrm.testcases.AdminLoginTestwithInvalidData -->
    </test> <!-- Admin Login TestCase with Invalid Credentials -->
    <test started-at="2023-03-17T09:23:47 IST" name="Employee Registration Test" finished-at="2023-03-17T09:23:56 IST" duration-ms="9863">
      <class name="orangehrm.testcases.EmployeeRegTest">
        <test-method is-config="true" signature="adminLogin()[pri:0, instance:orangehrm.testcases.EmployeeRegTest@581ac8a8]" started-at="2023-03-17T09:23:47 IST" name="adminLogin" finished-at="2023-03-17T09:23:48 IST" duration-ms="1419" status="PASS">
          <reporter-output>
          </reporter-output>
        </test-method> <!-- adminLogin -->
        <test-method signature="checkEmpReg(java.lang.String,java.lang.String)[pri:0, instance:orangehrm.testcases.EmployeeRegTest@581ac8a8]" started-at="2023-03-17T09:23:48 IST" name="checkEmpReg" finished-at="2023-03-17T09:23:56 IST" duration-ms="7565" status="PASS">
          <params>
            <param index="0">
              <value>
                <![CDATA[Govardhan]]>
              </value>
            </param>
            <param index="1">
              <value>
                <![CDATA[Demo]]>
              </value>
            </param>
          </params>
          <reporter-output>
          </reporter-output>
        </test-method> <!-- checkEmpReg -->
        <test-method is-config="true" signature="adminLogout()[pri:0, instance:orangehrm.testcases.EmployeeRegTest@581ac8a8]" started-at="2023-03-17T09:23:56 IST" name="adminLogout" finished-at="2023-03-17T09:23:56 IST" duration-ms="874" status="PASS">
          <reporter-output>
          </reporter-output>
        </test-method> <!-- adminLogout -->
        <test-method is-config="true" signature="logout()[pri:0, instance:orangehrm.testcases.EmployeeRegTest@581ac8a8]" started-at="2023-03-17T09:23:56 IST" name="logout" finished-at="2023-03-17T09:23:56 IST" depends-on-methods="orangehrm.library.AdminUtils.adminLogout" duration-ms="2" status="PASS">
          <reporter-output>
          </reporter-output>
        </test-method> <!-- logout -->
      </class> <!-- orangehrm.testcases.EmployeeRegTest -->
    </test> <!-- Employee Registration Test -->
    <test started-at="2023-03-17T09:23:56 IST" name="User Registration TestCase" finished-at="2023-03-17T09:24:09 IST" duration-ms="12524">
      <class name="orangehrm.testcases.UserRegTest">
        <test-method is-config="true" signature="adminLogin()[pri:0, instance:orangehrm.testcases.UserRegTest@fa49800]" started-at="2023-03-17T09:23:56 IST" name="adminLogin" finished-at="2023-03-17T09:23:58 IST" duration-ms="1730" status="PASS">
          <reporter-output>
          </reporter-output>
        </test-method> <!-- adminLogin -->
        <test-method signature="checkUserReg(java.lang.String,java.lang.String,java.lang.String,java.lang.String)[pri:0, instance:orangehrm.testcases.UserRegTest@fa49800]" started-at="2023-03-17T09:23:58 IST" name="checkUserReg" finished-at="2023-03-17T09:24:08 IST" duration-ms="9900" status="PASS">
          <params>
            <param index="0">
              <value>
                <![CDATA[ESS]]>
              </value>
            </param>
            <param index="1">
              <value>
                <![CDATA[Govardhan Demo]]>
              </value>
            </param>
            <param index="2">
              <value>
                <![CDATA[Vardhan]]>
              </value>
            </param>
            <param index="3">
              <value>
                <![CDATA[Qedge123!@#]]>
              </value>
            </param>
          </params>
          <reporter-output>
          </reporter-output>
        </test-method> <!-- checkUserReg -->
        <test-method is-config="true" signature="adminLogout()[pri:0, instance:orangehrm.testcases.UserRegTest@fa49800]" started-at="2023-03-17T09:24:08 IST" name="adminLogout" finished-at="2023-03-17T09:24:09 IST" duration-ms="888" status="PASS">
          <reporter-output>
          </reporter-output>
        </test-method> <!-- adminLogout -->
        <test-method is-config="true" signature="logout()[pri:0, instance:orangehrm.testcases.UserRegTest@fa49800]" started-at="2023-03-17T09:24:09 IST" name="logout" finished-at="2023-03-17T09:24:09 IST" depends-on-methods="orangehrm.library.AdminUtils.adminLogout" duration-ms="0" status="PASS">
          <reporter-output>
          </reporter-output>
        </test-method> <!-- logout -->
      </class> <!-- orangehrm.testcases.UserRegTest -->
    </test> <!-- User Registration TestCase -->
    <test started-at="2023-03-17T09:24:09 IST" name="Employee Login TestCase" finished-at="2023-03-17T09:24:32 IST" duration-ms="22743">
      <class name="orangehrm.testcases.EmployeeLoginTest">
        <test-method is-config="true" signature="launchApp()[pri:0, instance:orangehrm.testcases.EmployeeLoginTest@bd4dc25]" started-at="2023-03-17T09:23:36 IST" name="launchApp" finished-at="2023-03-17T09:23:41 IST" duration-ms="5185" status="PASS">
          <reporter-output>
          </reporter-output>
        </test-method> <!-- launchApp -->
        <test-method is-config="true" signature="adminLogin()[pri:0, instance:orangehrm.testcases.EmployeeLoginTest@bd4dc25]" started-at="2023-03-17T09:24:09 IST" name="adminLogin" finished-at="2023-03-17T09:24:09 IST" duration-ms="0" status="PASS">
          <reporter-output>
          </reporter-output>
        </test-method> <!-- adminLogin -->
        <test-method signature="checkEmpLogin(java.lang.String,java.lang.String)[pri:0, instance:orangehrm.testcases.EmployeeLoginTest@bd4dc25]" started-at="2023-03-17T09:24:09 IST" name="checkEmpLogin" finished-at="2023-03-17T09:24:32 IST" duration-ms="22740" status="PASS">
          <params>
            <param index="0">
              <value>
                <![CDATA[Vardhan]]>
              </value>
            </param>
            <param index="1">
              <value>
                <![CDATA[Qedge123!@#]]>
              </value>
            </param>
          </params>
          <reporter-output>
          </reporter-output>
        </test-method> <!-- checkEmpLogin -->
        <test-method is-config="true" signature="logout()[pri:0, instance:orangehrm.testcases.EmployeeLoginTest@bd4dc25]" started-at="2023-03-17T09:24:32 IST" name="logout" finished-at="2023-03-17T09:24:32 IST" duration-ms="1" status="PASS">
          <reporter-output>
          </reporter-output>
        </test-method> <!-- logout -->
        <test-method is-config="true" signature="closeApp()[pri:0, instance:orangehrm.testcases.EmployeeLoginTest@bd4dc25]" started-at="2023-03-17T09:24:32 IST" name="closeApp" finished-at="2023-03-17T09:24:33 IST" duration-ms="883" status="PASS">
          <reporter-output>
          </reporter-output>
        </test-method> <!-- closeApp -->
      </class> <!-- orangehrm.testcases.EmployeeLoginTest -->
    </test> <!-- Employee Login TestCase -->
  </suite> <!-- OrangeHRM Test Suite -->
</testng-results>
